<?xml version="1.0" encoding="UTF-8"?>
<testsuite xmlns:xsi="http://www.w3.org/2001/XMLSchema-instance" xsi:noNamespaceSchemaLocation="https://maven.apache.org/surefire/maven-surefire-plugin/xsd/surefire-test-report-3.0.xsd" version="3.0" name="com.example.ejb.BeneficioEjbServiceTest" time="0.655" tests="6" errors="0" skipped="0" failures="0">
  <properties>
[...]
</properties>
  <testcase name="deveLancarErroQuandoOrigemNaoExiste" classname="com.example.ejb.BeneficioEjbServiceTest" time="0.624"/>
  <testcase name="deveTransferirComSucesso" classname="com.example.ejb.BeneficioEjbServiceTest" time="0.007"/>
  <testcase name="deveRejeitarMesmaOrigemEDestino" classname="com.example.ejb.BeneficioEjbServiceTest" time="0.001"/>
  <testcase name="deveRejeitarSaldoInsuficiente" classname="com.example.ejb.BeneficioEjbServiceTest" time="0.002"/>
  <testcase name="deveLancarErroQuandoDestinoNaoExiste" classname="com.example.ejb.BeneficioEjbServiceTest" time="0.002"/>
  <testcase name="deveRejeitarValorZeroOuNegativo" classname="com.example.ejb.BeneficioEjbServiceTest" time="0.001"/>
</testsuite>